<?xml version="1.0" encoding="UTF-8"?>
<!-- Generated by org.testng.reporters.JUnitXMLReporter -->
<testsuite ignored="2" hostname="DESKTOP-JCJLIDT" failures="0" tests="2" name="Test" time="29.271" errors="0" timestamp="23 Jul 2022 18:41:34 GMT">
  <testcase classname="script.TestClass1" name="testA" time="0.019"/>
  <testcase classname="script.TestClass2" name="testLogin" time="0.004"/>
  <testcase classname="generic.BaseTest" name="@BeforeSuite createReport" time="0.0">
    <ignored/>
  </testcase> <!-- @BeforeSuite createReport -->
  <testcase classname="generic.BaseTest" name="@AfterSuite publishReport" time="0.0">
    <ignored/>
  </testcase> <!-- @AfterSuite publishReport -->
</testsuite> <!-- Test -->
